c:\users\misha\source\repos\leetcode_easy\leetcode_easy\debug\vc141.pdb
c:\users\misha\source\repos\leetcode_easy\leetcode_easy\debug\vc141.idb
c:\users\misha\source\repos\leetcode_easy\leetcode_easy\debug\twosum.obj
c:\users\misha\source\repos\leetcode_easy\leetcode_easy\debug\reverseinteger.obj
c:\users\misha\source\repos\leetcode_easy\leetcode_easy\debug\palindromenum.obj
c:\users\misha\source\repos\leetcode_easy\leetcode_easy\debug\romantointeger.obj
c:\users\misha\source\repos\leetcode_easy\leetcode_easy\debug\validparantheses.obj
c:\users\misha\source\repos\leetcode_easy\leetcode_easy\debug\longestcprefix.obj
c:\users\misha\source\repos\leetcode_easy\leetcode_easy\debug\removeduplicates.obj
c:\users\misha\source\repos\leetcode_easy\leetcode_easy\debug\removeelement.obj
c:\users\misha\source\repos\leetcode_easy\debug\leetcode_easy.exe
c:\users\misha\source\repos\leetcode_easy\debug\leetcode_easy.ilk
c:\users\misha\source\repos\leetcode_easy\debug\leetcode_easy.pdb
c:\users\misha\source\repos\leetcode_easy\leetcode_easy\debug\reverseint.obj
c:\users\misha\source\repos\leetcode_easy\leetcode_easy\debug\leetcode_easy.tlog\cl.command.1.tlog
c:\users\misha\source\repos\leetcode_easy\leetcode_easy\debug\leetcode_easy.tlog\cl.read.1.tlog
c:\users\misha\source\repos\leetcode_easy\leetcode_easy\debug\leetcode_easy.tlog\cl.write.1.tlog
c:\users\misha\source\repos\leetcode_easy\leetcode_easy\debug\leetcode_easy.tlog\link.command.1.tlog
c:\users\misha\source\repos\leetcode_easy\leetcode_easy\debug\leetcode_easy.tlog\link.read.1.tlog
c:\users\misha\source\repos\leetcode_easy\leetcode_easy\debug\leetcode_easy.tlog\link.write.1.tlog
